# JRE version: OpenJDK Runtime Environment Temurin-17.0.8.1+1 (17.0.8.1+1) (build 17.0.8.1+1)
# Java VM: OpenJDK 64-Bit Server VM Temurin-17.0.8.1+1 (17.0.8.1+1, mixed mode, emulated-client, sharing, tiered, compressed oops, compressed class ptrs, g1 gc, windows-amd64)
GC Precious Log:
 CPUs: 8 total, 8 available
 Memory: 16247M
 Large Page Support: Disabled
 NUMA Support: Disabled
 Compressed Oops: Enabled (Zero based)
 Heap Region Size: 2M
 Heap Min Capacity: 8M
 Heap Initial Capacity: 254M
 Heap Max Capacity: 4062M
 Pre-touch: Disabled
 Parallel Workers: 8
 Concurrent Workers: 2
 Concurrent Refinement Workers: 8
 Periodic GC: Disabled
Heap:
 garbage-first heap   total 110592K, used 67490K [0x0000000702200000, 0x0000000800000000)
  region size 2048K, 25 young (51200K), 4 survivors (8192K)
 Metaspace       used 65093K, committed 65728K, reserved 1114112K
  class space    used 9388K, committed 9728K, reserved 1048576K
GC Heap History (20 events):
Event: 0.874 GC heap before
{Heap before GC invocations=1 (full 0):
 garbage-first heap   total 260096K, used 27848K [0x0000000702200000, 0x0000000800000000)
  region size 2048K, 12 young (24576K), 2 survivors (4096K)
 Metaspace       used 10216K, committed 10496K, reserved 1114112K
  class space    used 1373K, committed 1536K, reserved 1048576K
}
Event: 0.877 GC heap after
{Heap after GC invocations=2 (full 0):
 garbage-first heap   total 260096K, used 8787K [0x0000000702200000, 0x0000000800000000)
  region size 2048K, 1 young (2048K), 1 survivors (2048K)
 Metaspace       used 10216K, committed 10496K, reserved 1114112K
  class space    used 1373K, committed 1536K, reserved 1048576K
}
Event: 1.478 GC heap before
{Heap before GC invocations=2 (full 0):
 garbage-first heap   total 260096K, used 74323K [0x0000000702200000, 0x0000000800000000)
  region size 2048K, 35 young (71680K), 1 survivors (2048K)
 Metaspace       used 21184K, committed 21504K, reserved 1114112K
  class space    used 2888K, committed 3072K, reserved 1048576K
}
Event: 1.482 GC heap after
{Heap after GC invocations=3 (full 0):
 garbage-first heap   total 260096K, used 13698K [0x0000000702200000, 0x0000000800000000)
  region size 2048K, 4 young (8192K), 4 survivors (8192K)
 Metaspace       used 21184K, committed 21504K, reserved 1114112K
  class space    used 2888K, committed 3072K, reserved 1048576K
}
Event: 1.803 GC heap before
{Heap before GC invocations=4 (full 0):
 garbage-first heap   total 61440K, used 42370K [0x0000000702200000, 0x0000000800000000)
  region size 2048K, 18 young (36864K), 4 survivors (8192K)
 Metaspace       used 24417K, committed 24896K, reserved 1114112K
  class space    used 3390K, committed 3584K, reserved 1048576K
}
Event: 1.808 GC heap after
{Heap after GC invocations=5 (full 0):
 garbage-first heap   total 61440K, used 15853K [0x0000000702200000, 0x0000000800000000)
  region size 2048K, 2 young (4096K), 2 survivors (4096K)
 Metaspace       used 24417K, committed 24896K, reserved 1114112K
  class space    used 3390K, committed 3584K, reserved 1048576K
}
Event: 1.836 GC heap before
{Heap before GC invocations=5 (full 0):
 garbage-first heap   total 61440K, used 17901K [0x0000000702200000, 0x0000000800000000)
  region size 2048K, 3 young (6144K), 2 survivors (4096K)
 Metaspace       used 24757K, committed 25216K, reserved 1114112K
  class space    used 3452K, committed 3648K, reserved 1048576K
}
Event: 1.838 GC heap after
{Heap after GC invocations=6 (full 0):
 garbage-first heap   total 61440K, used 16614K [0x0000000702200000, 0x0000000800000000)
  region size 2048K, 1 young (2048K), 1 survivors (2048K)
 Metaspace       used 24757K, committed 25216K, reserved 1114112K
  class space    used 3452K, committed 3648K, reserved 1048576K
}
Event: 2.099 GC heap before
{Heap before GC invocations=6 (full 0):
 garbage-first heap   total 61440K, used 41190K [0x0000000702200000, 0x0000000800000000)
  region size 2048K, 13 young (26624K), 1 survivors (2048K)
 Metaspace       used 28257K, committed 28800K, reserved 1114112K
  class space    used 3930K, committed 4160K, reserved 1048576K
}
Event: 2.102 GC heap after
{Heap after GC invocations=7 (full 0):
 garbage-first heap   total 61440K, used 18397K [0x0000000702200000, 0x0000000800000000)
  region size 2048K, 2 young (4096K), 2 survivors (4096K)
 Metaspace       used 28257K, committed 28800K, reserved 1114112K
  class space    used 3930K, committed 4160K, reserved 1048576K
}
Event: 2.355 GC heap before
{Heap before GC invocations=7 (full 0):
 garbage-first heap   total 61440K, used 38877K [0x0000000702200000, 0x0000000800000000)
  region size 2048K, 13 young (26624K), 2 survivors (4096K)
 Metaspace       used 32567K, committed 33024K, reserved 1114112K
  class space    used 4576K, committed 4800K, reserved 1048576K
}
Event: 2.358 GC heap after
{Heap after GC invocations=8 (full 0):
 garbage-first heap   total 61440K, used 19588K [0x0000000702200000, 0x0000000800000000)
  region size 2048K, 2 young (4096K), 2 survivors (4096K)
 Metaspace       used 32567K, committed 33024K, reserved 1114112K
  class space    used 4576K, committed 4800K, reserved 1048576K
}
Event: 2.518 GC heap before
{Heap before GC invocations=8 (full 0):
 garbage-first heap   total 61440K, used 31876K [0x0000000702200000, 0x0000000800000000)
  region size 2048K, 9 young (18432K), 2 survivors (4096K)
 Metaspace       used 35514K, committed 35968K, reserved 1114112K
  class space    used 5092K, committed 5312K, reserved 1048576K
}
Event: 2.521 GC heap after
{Heap after GC invocations=9 (full 0):
 garbage-first heap   total 61440K, used 20324K [0x0000000702200000, 0x0000000800000000)
  region size 2048K, 1 young (2048K), 1 survivors (2048K)
 Metaspace       used 35514K, committed 35968K, reserved 1114112K
  class space    used 5092K, committed 5312K, reserved 1048576K
}
Event: 2.853 GC heap before
{Heap before GC invocations=10 (full 0):
 garbage-first heap   total 61440K, used 44900K [0x0000000702200000, 0x0000000800000000)
  region size 2048K, 14 young (28672K), 1 survivors (2048K)
 Metaspace       used 41941K, committed 42432K, reserved 1114112K
  class space    used 5944K, committed 6144K, reserved 1048576K
}
Event: 2.855 GC heap after
{Heap after GC invocations=11 (full 0):
 garbage-first heap   total 161792K, used 22409K [0x0000000702200000, 0x0000000800000000)
  region size 2048K, 2 young (4096K), 2 survivors (4096K)
 Metaspace       used 41941K, committed 42432K, reserved 1114112K
  class space    used 5944K, committed 6144K, reserved 1048576K
}
Event: 4.001 GC heap before
{Heap before GC invocations=11 (full 0):
 garbage-first heap   total 161792K, used 114569K [0x0000000702200000, 0x0000000800000000)
  region size 2048K, 47 young (96256K), 2 survivors (4096K)
 Metaspace       used 59310K, committed 59968K, reserved 1114112K
  class space    used 8509K, committed 8832K, reserved 1048576K
}
Event: 4.007 GC heap after
{Heap after GC invocations=12 (full 0):
 garbage-first heap   total 161792K, used 27810K [0x0000000702200000, 0x0000000800000000)
  region size 2048K, 5 young (10240K), 5 survivors (10240K)
 Metaspace       used 59310K, committed 59968K, reserved 1114112K
  class space    used 8509K, committed 8832K, reserved 1048576K
}
Event: 4.073 GC heap before
{Heap before GC invocations=12 (full 0):
 garbage-first heap   total 161792K, used 31906K [0x0000000702200000, 0x0000000800000000)
  region size 2048K, 8 young (16384K), 5 survivors (10240K)
 Metaspace       used 59791K, committed 60416K, reserved 1114112K
  class space    used 8582K, committed 8896K, reserved 1048576K
}
Event: 4.078 GC heap after
{Heap after GC invocations=13 (full 0):
 garbage-first heap   total 161792K, used 28578K [0x0000000702200000, 0x0000000800000000)
  region size 2048K, 4 young (8192K), 4 survivors (8192K)
 Metaspace       used 59791K, committed 60416K, reserved 1114112K
  class space    used 8582K, committed 8896K, reserved 1048576K
}

